// Created by Crowbar 0.33.0.0

  Compiling ".\spherical_screen.qc" ...
    qdir:    "c:\users\henry\documents\newspherecabinet\"
    gamedir: "E:\Steam\steamapps\common\Anarchy Arcade\aarcade\"
    g_path:  "spherical_screen.qc"
    Building binary model files...
    Working on "spherical_screen.qc"
    SMD MODEL spherical_screen_reference.smd
    SMD MODEL spherical_screen_anims\idle.smd
    SMD MODEL spherical_screen_physics.smd
    Model has 1 convex sub-parts
    Collision model completed.
    ---------------------
    writing E:\Steam\steamapps\common\Anarchy Arcade\aarcade\models/cabinets\spherical_screen.mdl:
    bones          964 bytes (1)
       animation       x       y       ips    angle
           @idle    0.00    0.00 :    1.#J (  90.00) 0.0
    animations     112 bytes (1 anims) (1 frames) [0:00]
    sequences      220 bytes (1 seq) 
    ik/pose        164 bytes
    eyeballs         0 bytes (0 eyeballs)
    flexes           0 bytes (0 flexes)
    textures        76 bytes
    keyvalues        0 bytes
    bone transforms        0 bytes
    bone flex driver       0 bytes
    Collision model volume 5755.20 in^3
    collision        0 bytes
    total         1784
    ---------------------
    writing E:\Steam\steamapps\common\Anarchy Arcade\aarcade\models/cabinets\spherical_screen.vvd:
    vertices    102960 bytes (2145 vertices)
    tangents     34320 bytes (2145 vertices)
    total       137344 bytes
    ---------------------
    Generating optimized mesh "E:\Steam\steamapps\common\Anarchy Arcade\aarcade\models/cabinets\spherical_screen.sw.vtx":
    body parts:         8 bytes
    models:            20 bytes
    model LODs:        12 bytes
    meshes:             9 bytes
    strip groups:      25 bytes
    strips:            27 bytes
    verts:          19305 bytes
    indices:        24576 bytes
    bone changes:      16 bytes
    everything:     44022 bytes
    ---------------------
    Generating optimized mesh "E:\Steam\steamapps\common\Anarchy Arcade\aarcade\models/cabinets\spherical_screen.dx80.vtx":
    body parts:         8 bytes
    models:            20 bytes
    model LODs:        12 bytes
    meshes:             9 bytes
    strip groups:      25 bytes
    strips:            27 bytes
    verts:          19305 bytes
    indices:        24576 bytes
    bone changes:      16 bytes
    everything:     44022 bytes
    ---------------------
    Generating optimized mesh "E:\Steam\steamapps\common\Anarchy Arcade\aarcade\models/cabinets\spherical_screen.dx90.vtx":
    body parts:         8 bytes
    models:            20 bytes
    model LODs:        12 bytes
    meshes:             9 bytes
    strip groups:      25 bytes
    strips:            27 bytes
    verts:          19305 bytes
    indices:        24576 bytes
    bone changes:      16 bytes
    everything:     44022 bytes
    
    Completed "spherical_screen.qc"
  ... Compiling ".\spherical_screen.qc" finished. Check above for any errors.
